<?xml version="1.0" encoding="UTF-8"?>
<!-- Generated by org.testng.reporters.JUnitReportReporter -->
<testsuite hostname="LTIN269727" failures="0" tests="3" name="Project.HomeLoan" time="22.374" errors="0" timestamp="2024-02-27T15:26:09 IST" skipped="0">
  <testcase classname="Project.HomeLoan" name="Home_Loan" time="1.627"/>
  <system-out/>
  <testcase classname="Project.HomeLoan" name="HomeLoan_Data" time="5.269"/>
  <system-out/>
  <testcase classname="Project.HomeLoan" name="HomeLoan_Write" time="15.478"/>
  <system-out/>
</testsuite> <!-- Project.HomeLoan -->
