<?xml version="1.0" encoding="UTF-8"?>
<!-- Generated by org.testng.reporters.JUnitReportReporter -->
<testsuite hostname="LTIN269727" failures="0" tests="3" name="Project.CarLoan" time="3.353" errors="0" timestamp="2024-02-27T23:16:11 IST" skipped="0">
  <testcase classname="Project.CarLoan" name="testLogo" time="0.179"/>
  <system-out/>
  <testcase classname="Project.CarLoan" name="Car_Loan" time="3.118"/>
  <system-out/>
  <testcase classname="Project.CarLoan" name="EMI_Calculation" time="0.056"/>
  <system-out/>
</testsuite> <!-- Project.CarLoan -->
