<?xml version="1.0" encoding="UTF-8"?>
<!-- Generated by org.testng.reporters.JUnitReportReporter -->
<testsuite hostname="LTIN269727" failures="0" tests="3" name="Project.CarLoan" time="2.652" errors="0" timestamp="2024-02-27T11:44:34 IST" skipped="0">
  <testcase classname="Project.CarLoan" name="testLogo" time="0.200"/>
  <system-out/>
  <testcase classname="Project.CarLoan" name="Car_Loan" time="2.365"/>
  <system-out/>
  <testcase classname="Project.CarLoan" name="EMI_Calculation" time="0.087"/>
  <system-out/>
</testsuite> <!-- Project.CarLoan -->
