<?xml version="1.0" encoding="UTF-8"?>
<!-- Generated by org.testng.reporters.JUnitReportReporter -->
<testsuite hostname="LTIN269727" failures="0" tests="3" name="Project.HomeLoan" time="24.051" errors="0" timestamp="2024-02-27T11:44:34 IST" skipped="0">
  <testcase classname="Project.HomeLoan" name="Home_Loan" time="1.915"/>
  <system-out/>
  <testcase classname="Project.HomeLoan" name="HomeLoan_Data" time="6.644"/>
  <system-out/>
  <testcase classname="Project.HomeLoan" name="HomeLoan_Write" time="15.492"/>
  <system-out/>
</testsuite> <!-- Project.HomeLoan -->
